TN:
SF:controller/CompanyController.js
FN:5,validCompany
FNF:1
FNH:1
FNDA:15,validCompany
DA:1,1
DA:2,1
DA:3,1
DA:4,1
DA:5,1
DA:6,15
DA:7,15
DA:8,15
DA:9,5
DA:10,5
DA:11,10
DA:12,10
DA:13,10
DA:14,10
DA:15,10
DA:16,10
DA:17,10
DA:18,10
DA:19,10
DA:20,10
DA:21,10
DA:22,10
DA:23,10
DA:24,10
DA:25,10
DA:26,10
DA:27,1
DA:28,1
LF:28
LH:28
BRDA:5,0,0,15
BRDA:8,1,0,5
BRDA:10,2,0,10
BRF:3
BRH:3
end_of_record
TN:
SF:schemas/companySchema.js
FNF:0
FNH:0
DA:1,1
DA:2,1
DA:3,1
DA:4,1
DA:5,1
DA:6,1
DA:7,1
DA:8,1
DA:9,1
DA:10,1
DA:11,1
DA:12,1
DA:13,1
DA:14,1
DA:15,1
DA:16,1
DA:17,1
DA:18,1
DA:19,1
DA:20,1
DA:21,1
DA:22,1
DA:23,1
DA:24,1
DA:25,1
DA:26,1
LF:26
LH:26
BRF:0
BRH:0
end_of_record
TN:
SF:service/CompanyService.js
FN:4,validCosumo
FN:33,valid
FNF:2
FNH:2
FNDA:10,validCosumo
FNDA:10,valid
DA:1,1
DA:2,1
DA:3,1
DA:4,1
DA:5,10
DA:6,10
DA:7,10
DA:8,10
DA:9,10
DA:10,10
DA:11,10
DA:12,10
DA:13,10
DA:14,2
DA:15,1
DA:16,1
DA:17,1
DA:18,10
DA:19,10
DA:20,2
DA:21,1
DA:22,1
DA:23,1
DA:24,10
DA:25,10
DA:26,6
DA:27,5
DA:28,5
DA:29,1
DA:30,10
DA:31,10
DA:32,1
DA:33,1
DA:34,10
DA:35,10
DA:36,10
DA:37,10
DA:38,10
DA:39,10
DA:40,10
DA:41,3
DA:42,3
DA:43,10
DA:44,1
DA:45,1
DA:46,10
DA:47,10
DA:48,10
DA:49,10
DA:50,10
DA:51,7
DA:52,7
DA:53,7
DA:54,7
DA:55,7
DA:56,3
DA:57,3
DA:58,3
DA:59,3
DA:60,3
DA:61,1
DA:62,1
LF:62
LH:62
BRDA:4,0,0,10
BRDA:13,1,0,2
BRDA:14,2,0,1
BRDA:19,3,0,2
BRDA:20,4,0,1
BRDA:25,5,0,6
BRDA:26,6,0,5
BRDA:28,7,0,1
BRDA:5,8,0,120
BRDA:33,9,0,10
BRDA:40,10,0,3
BRDA:43,11,0,1
BRDA:48,12,0,3
BRDA:50,13,0,7
BRDA:55,14,0,3
BRF:15
BRH:15
end_of_record
